{
  "RSpec": {
    "coverage": {
      "/home/imperative-scientist-4600/tic-tac-toe-rb-online-web-sp-000/lib/tic_tac_toe.rb": [
        null,
        1,
        null,
        null,
        null,
        null,
        null,
        null,
        null,
        null,
        null,
        1,
        25,
        25,
        25,
        25,
        25,
        null,
        null,
        1,
        24,
        null,
        null,
        1,
        23,
        null,
        null,
        1,
        825,
        null,
        null,
        1,
        24,
        null,
        null,
        1,
        21,
        21,
        21,
        21,
        20,
        20,
        null,
        1,
        null,
        null,
        null,
        1,
        220,
        null,
        null,
        1,
        21,
        null,
        null,
        1,
        43,
        740,
        14,
        null,
        593,
        4,
        null,
        null,
        25,
        null,
        null,
        1,
        210,
        null,
        null,
        1,
        34,
        null,
        null,
        1,
        22,
        null,
        null,
        1,
        7,
        null,
        null,
        1,
        12,
        18,
        null,
        null,
        12,
        5,
        null,
        null,
        11,
        3,
        null,
        null
      ]
    },
    "timestamp": 1599778039
  }
}
